<?xml version="1.0" encoding="UTF-8"?>
<!-- Generated by org.testng.reporters.JUnitReportReporter -->
<testsuite hostname="DESKTOP-UNCE9J6" name="test.Test99GuruLogin" tests="1" failures="0" timestamp="23 Sep 2018 20:38:12 GMT" time="0.675" errors="0">
  <testcase name="test_Home_Page_Appear_Correct" time="0.675" classname="test.Test99GuruLogin"/>
</testsuite> <!-- test.Test99GuruLogin -->
